#
# There is insufficient memory for the Java Runtime Environment to continue.
# Native memory allocation (mmap) failed to map 168820736 bytes for committing reserved memory.
# Possible reasons:
#   The system is out of physical RAM or swap space
#   In 32 bit mode, the process size limit was hit
# Possible solutions:
#   Reduce memory load on the system
#   Increase physical memory or swap space
#   Check if swap backing store is full
#   Use 64 bit Java on a 64 bit OS
#   Decrease Java heap size (-Xmx/-Xms)
#   Decrease number of Java threads
#   Decrease Java thread stack sizes (-Xss)
#   Set larger code cache with -XX:ReservedCodeCacheSize=
# This output file may be truncated or incomplete.
#
#  Out of Memory Error (os_linux.cpp:2640), pid=4146, tid=0x00007fee0728f700
#
# JRE version: Java(TM) SE Runtime Environment (8.0_144-b01) (build 1.8.0_144-b01)
# Java VM: Java HotSpot(TM) 64-Bit Server VM (25.144-b01 mixed mode linux-amd64 compressed oops)
# Failed to write core dump. Core dumps have been disabled. To enable core dumping, try "ulimit -c unlimited" before starting Java again
#

---------------  T H R E A D  ---------------

Current thread (0x00007fee28077800):  VMThread [stack: 0x00007fee0718f000,0x00007fee07290000] [id=4156]

Stack: [0x00007fee0718f000,0x00007fee07290000],  sp=0x00007fee0728e0a0,  free space=1020k
Native frames: (J=compiled Java code, j=interpreted, Vv=VM code, C=native code)
V  [libjvm.so+0xacb18a]  VMError::report_and_die()+0x2ba
V  [libjvm.so+0x4ff4db]  report_vm_out_of_memory(char const*, int, unsigned long, VMErrorType, char const*)+0x8b
V  [libjvm.so+0x927d23]  os::Linux::commit_memory_impl(char*, unsigned long, bool)+0x103
V  [libjvm.so+0x928279]  os::pd_commit_memory(char*, unsigned long, unsigned long, bool)+0x29
V  [libjvm.so+0x92249a]  os::commit_memory(char*, unsigned long, unsigned long, bool)+0x2a
V  [libjvm.so+0x996ff3]  PSVirtualSpace::expand_by(unsigned long)+0x53
V  [libjvm.so+0x9878b0]  PSOldGen::expand(unsigned long)+0x170
V  [libjvm.so+0x987abb]  PSOldGen::resize(unsigned long)+0x1cb
V  [libjvm.so+0x98f7c1]  PSParallelCompact::invoke_no_policy(bool)+0x991
V  [libjvm.so+0x99511d]  PSScavenge::invoke()+0x1ad
V  [libjvm.so+0x94bce0]  ParallelScavengeHeap::failed_mem_allocate(unsigned long)+0x70
V  [libjvm.so+0xaccba7]  VM_ParallelGCFailedAllocation::doit()+0x97
V  [libjvm.so+0xad4685]  VM_Operation::evaluate()+0x55
V  [libjvm.so+0xad2a5a]  VMThread::evaluate_operation(VM_Operation*)+0xba
V  [libjvm.so+0xad2dde]  VMThread::loop()+0x1ce
V  [libjvm.so+0xad3250]  VMThread::run()+0x70
V  [libjvm.so+0x92a338]  java_start(Thread*)+0x108

VM_Operation (0x00007fee2fc33570): ParallelGCFailedAllocation, mode: safepoint, requested by thread 0x00007fee28009800


---------------  P R O C E S S  ---------------

Java Threads: ( => current thread )
  0x00007fee280ea000 JavaThread "Service Thread" daemon [_thread_blocked, id=4163, stack(0x00007fee067b0000,0x00007fee068b1000)]
  0x00007fee280bd000 JavaThread "C1 CompilerThread2" daemon [_thread_blocked, id=4162, stack(0x00007fee068b1000,0x00007fee069b2000)]
  0x00007fee280bb800 JavaThread "C2 CompilerThread1" daemon [_thread_blocked, id=4161, stack(0x00007fee069b2000,0x00007fee06ab3000)]
  0x00007fee280b8800 JavaThread "C2 CompilerThread0" daemon [_thread_blocked, id=4160, stack(0x00007fee06ab3000,0x00007fee06bb4000)]
  0x00007fee280b7000 JavaThread "Signal Dispatcher" daemon [_thread_blocked, id=4159, stack(0x00007fee06bb4000,0x00007fee06cb5000)]
  0x00007fee28083800 JavaThread "Finalizer" daemon [_thread_blocked, id=4158, stack(0x00007fee06f8d000,0x00007fee0708e000)]
  0x00007fee2807f000 JavaThread "Reference Handler" daemon [_thread_blocked, id=4157, stack(0x00007fee0708e000,0x00007fee0718f000)]
  0x00007fee28009800 JavaThread "main" [_thread_blocked, id=4149, stack(0x00007fee2fb34000,0x00007fee2fc35000)]

Other Threads:
=>0x00007fee28077800 VMThread [stack: 0x00007fee0718f000,0x00007fee07290000] [id=4156]
  0x00007fee280ed000 WatcherThread [stack: 0x00007fee066af000,0x00007fee067b0000] [id=4164]

VM state:at safepoint (normal execution)

VM Mutex/Monitor currently owned by a thread:  ([mutex/lock_event])
[0x00007fee28005830] ExpandHeap_lock - owner thread: 0x00007fee28077800
[0x00007fee28005eb0] Threads_lock - owner thread: 0x00007fee28077800
[0x00007fee280063b0] Heap_lock - owner thread: 0x00007fee28009800

Heap:
 PSYoungGen      total 205824K, used 27586K [0x00000000d6e00000, 0x00000000f1480000, 0x0000000100000000)
  eden space 132608K, 0% used [0x00000000d6e00000,0x00000000d6e00000,0x00000000def80000)
  from space 73216K, 37% used [0x00000000e6800000,0x00000000e82f0870,0x00000000eaf80000)
  to   space 123392K, 0% used [0x00000000def80000,0x00000000def80000,0x00000000e6800000)
 ParOldGen       total 430080K, used 429985K [0x0000000084a00000, 0x000000009ee00000, 0x00000000d6e00000)
  object space 430080K, 99% used [0x0000000084a00000,0x000000009ede87e0,0x000000009ee00000)
 Metaspace       used 3192K, capacity 4486K, committed 4864K, reserved 1056768K
  class space    used 360K, capacity 386K, committed 512K, reserved 1048576K

Card table byte_map: [0x00007fee2c4f6000,0x00007fee2c8d2000] byte_map_base: 0x00007fee2c0d1000

Marking Bits: (ParMarkBitMap*) 0x00007fee2f002dc0
 Begin Bits: [0x00007fee1504e000, 0x00007fee16f26000)
 End Bits:   [0x00007fee16f26000, 0x00007fee18dfe000)

Polling page: 0x00007fee2fc53000

CodeCache: size=245760Kb used=1151Kb max_used=1163Kb free=244608Kb
 bounds [0x00007fee19000000, 0x00007fee19270000, 0x00007fee28000000]
 total_blobs=287 nmethods=49 adapters=152
 compilation: enabled

Compilation events (10 events):
Event: 6.447 Thread 0x00007fee280bb800 nmethod 44 0x00007fee1911eb10 code [0x00007fee1911ec80, 0x00007fee1911efb8]
Event: 6.449 Thread 0x00007fee280b8800 nmethod 45 0x00007fee1911e390 code [0x00007fee1911e500, 0x00007fee1911e898]
Event: 6.453 Thread 0x00007fee280bb800   46       4       java.util.ArrayList::add (29 bytes)
Event: 6.478 Thread 0x00007fee280b8800   47       4       java.lang.StringBuilder::length (5 bytes)
Event: 6.478 Thread 0x00007fee280b8800 nmethod 47 0x00007fee19119c10 code [0x00007fee19119d60, 0x00007fee19119db8]
Event: 6.479 Thread 0x00007fee280bb800 nmethod 46 0x00007fee1911df10 code [0x00007fee1911e080, 0x00007fee1911e208]
Event: 6.479 Thread 0x00007fee280b8800   48       4       java.lang.StringBuilder::insert (9 bytes)
Event: 6.479 Thread 0x00007fee280bb800   49       4       java.lang.AbstractStringBuilder::insert (50 bytes)
Event: 6.530 Thread 0x00007fee280bb800 nmethod 49 0x00007fee19121d90 code [0x00007fee19121f00, 0x00007fee19122308]
Event: 6.569 Thread 0x00007fee280b8800 nmethod 48 0x00007fee19121550 code [0x00007fee191216c0, 0x00007fee19121ac8]

GC Heap History (10 events):
Event: 6.810 GC heap after
Heap after GC invocations=8 (full 3):
 PSYoungGen      total 68608K, used 0K [0x00000000d6e00000, 0x00000000e4b80000, 0x0000000100000000)
  eden space 63488K, 0% used [0x00000000d6e00000,0x00000000d6e00000,0x00000000dac00000)
  from space 5120K, 0% used [0x00000000dac00000,0x00000000dac00000,0x00000000db100000)
  to   space 57856K, 0% used [0x00000000e1300000,0x00000000e1300000,0x00000000e4b80000)
 ParOldGen       total 288768K, used 188222K [0x0000000084a00000, 0x0000000096400000, 0x00000000d6e00000)
  object space 288768K, 65% used [0x0000000084a00000,0x00000000901cf870,0x0000000096400000)
 Metaspace       used 3192K, capacity 4486K, committed 4864K, reserved 1056768K
  class space    used 360K, capacity 386K, committed 512K, reserved 1048576K
}
Event: 6.817 GC heap before
{Heap before GC invocations=9 (full 3):
 PSYoungGen      total 68608K, used 63488K [0x00000000d6e00000, 0x00000000e4b80000, 0x0000000100000000)
  eden space 63488K, 100% used [0x00000000d6e00000,0x00000000dac00000,0x00000000dac00000)
  from space 5120K, 0% used [0x00000000dac00000,0x00000000dac00000,0x00000000db100000)
  to   space 57856K, 0% used [0x00000000e1300000,0x00000000e1300000,0x00000000e4b80000)
 ParOldGen       total 288768K, used 188222K [0x0000000084a00000, 0x0000000096400000, 0x00000000d6e00000)
  object space 288768K, 65% used [0x0000000084a00000,0x00000000901cf870,0x0000000096400000)
 Metaspace       used 3192K, capacity 4486K, committed 4864K, reserved 1056768K
  class space    used 360K, capacity 386K, committed 512K, reserved 1048576K
Event: 6.887 GC heap after
Heap after GC invocations=9 (full 3):
 PSYoungGen      total 161792K, used 57832K [0x00000000d6e00000, 0x00000000e5900000, 0x0000000100000000)
  eden space 103936K, 0% used [0x00000000d6e00000,0x00000000d6e00000,0x00000000dd380000)
  from space 57856K, 99% used [0x00000000e1300000,0x00000000e4b7a2d0,0x00000000e4b80000)
  to   space 65024K, 0% used [0x00000000dd380000,0x00000000dd380000,0x00000000e1300000)
 ParOldGen       total 288768K, used 193561K [0x0000000084a00000, 0x0000000096400000, 0x00000000d6e00000)
  object space 288768K, 67% used [0x0000000084a00000,0x00000000907067e0,0x0000000096400000)
 Metaspace       used 3192K, capacity 4486K, committed 4864K, reserved 1056768K
  class space    used 360K, capacity 386K, committed 512K, reserved 1048576K
}
Event: 6.925 GC heap before
{Heap before GC invocations=10 (full 3):
 PSYoungGen      total 161792K, used 161768K [0x00000000d6e00000, 0x00000000e5900000, 0x0000000100000000)
  eden space 103936K, 100% used [0x00000000d6e00000,0x00000000dd380000,0x00000000dd380000)
  from space 57856K, 99% used [0x00000000e1300000,0x00000000e4b7a2d0,0x00000000e4b80000)
  to   space 65024K, 0% used [0x00000000dd380000,0x00000000dd380000,0x00000000e1300000)
 ParOldGen       total 288768K, used 193561K [0x0000000084a00000, 0x0000000096400000, 0x00000000d6e00000)
  object space 288768K, 67% used [0x0000000084a00000,0x00000000907067e0,0x0000000096400000)
 Metaspace       used 3192K, capacity 4486K, committed 4864K, reserved 1056768K
  class space    used 360K, capacity 386K, committed 512K, reserved 1048576K
Event: 7.103 GC heap after
Heap after GC invocations=10 (full 3):
 PSYoungGen      total 168960K, used 65018K [0x00000000d6e00000, 0x00000000eaf80000, 0x0000000100000000)
  eden space 103936K, 0% used [0x00000000d6e00000,0x00000000d6e00000,0x00000000dd380000)
  from space 65024K, 99% used [0x00000000dd380000,0x00000000e12feab0,0x00000000e1300000)
  to   space 73216K, 0% used [0x00000000e6800000,0x00000000e6800000,0x00000000eaf80000)
 ParOldGen       total 289792K, used 289507K [0x0000000084a00000, 0x0000000096500000, 0x00000000d6e00000)
  object space 289792K, 99% used [0x0000000084a00000,0x00000000964b8c80,0x0000000096500000)
 Metaspace       used 3192K, capacity 4486K, committed 4864K, reserved 1056768K
  class space    used 360K, capacity 386K, committed 512K, reserved 1048576K
}
Event: 7.103 GC heap before
{Heap before GC invocations=11 (full 4):
 PSYoungGen      total 168960K, used 65018K [0x00000000d6e00000, 0x00000000eaf80000, 0x0000000100000000)
  eden space 103936K, 0% used [0x00000000d6e00000,0x00000000d6e00000,0x00000000dd380000)
  from space 65024K, 99% used [0x00000000dd380000,0x00000000e12feab0,0x00000000e1300000)
  to   space 73216K, 0% used [0x00000000e6800000,0x00000000e6800000,0x00000000eaf80000)
 ParOldGen       total 289792K, used 289507K [0x0000000084a00000, 0x0000000096500000, 0x00000000d6e00000)
  object space 289792K, 99% used [0x0000000084a00000,0x00000000964b8c80,0x0000000096500000)
 Metaspace       used 3192K, capacity 4486K, committed 4864K, reserved 1056768K
  class space    used 360K, capacity 386K, committed 512K, reserved 1048576K
Event: 7.141 GC heap after
Heap after GC invocations=11 (full 4):
 PSYoungGen      total 168960K, used 64978K [0x00000000d6e00000, 0x00000000eaf80000, 0x0000000100000000)
  eden space 103936K, 0% used [0x00000000d6e00000,0x00000000d6e00000,0x00000000dd380000)
  from space 65024K, 99% used [0x00000000dd380000,0x00000000e12f4898,0x00000000e1300000)
  to   space 73216K, 0% used [0x00000000e6800000,0x00000000e6800000,0x00000000eaf80000)
 ParOldGen       total 430080K, used 289452K [0x0000000084a00000, 0x000000009ee00000, 0x00000000d6e00000)
  object space 430080K, 67% used [0x0000000084a00000,0x00000000964ab0d8,0x000000009ee00000)
 Metaspace       used 3192K, capacity 4486K, committed 4864K, reserved 1056768K
  class space    used 360K, capacity 386K, committed 512K, reserved 1048576K
}
Event: 7.152 GC heap before
{Heap before GC invocations=12 (full 4):
 PSYoungGen      total 168960K, used 168902K [0x00000000d6e00000, 0x00000000eaf80000, 0x0000000100000000)
  eden space 103936K, 99% used [0x00000000d6e00000,0x00000000dd37d060,0x00000000dd380000)
  from space 65024K, 99% used [0x00000000dd380000,0x00000000e12f4898,0x00000000e1300000)
  to   space 73216K, 0% used [0x00000000e6800000,0x00000000e6800000,0x00000000eaf80000)
 ParOldGen       total 430080K, used 289452K [0x0000000084a00000, 0x000000009ee00000, 0x00000000d6e00000)
  object space 430080K, 67% used [0x0000000084a00000,0x00000000964ab0d8,0x000000009ee00000)
 Metaspace       used 3192K, capacity 4486K, committed 4864K, reserved 1056768K
  class space    used 360K, capacity 386K, committed 512K, reserved 1048576K
Event: 7.306 GC heap after
Heap after GC invocations=12 (full 4):
 PSYoungGen      total 205824K, used 73190K [0x00000000d6e00000, 0x00000000f1480000, 0x0000000100000000)
  eden space 132608K, 0% used [0x00000000d6e00000,0x00000000d6e00000,0x00000000def80000)
  from space 73216K, 99% used [0x00000000e6800000,0x00000000eaf79b70,0x00000000eaf80000)
  to   space 123392K, 0% used [0x00000000def80000,0x00000000def80000,0x00000000e6800000)
 ParOldGen       total 430080K, used 384429K [0x0000000084a00000, 0x000000009ee00000, 0x00000000d6e00000)
  object space 430080K, 89% used [0x0000000084a00000,0x000000009c16b4c8,0x000000009ee00000)
 Metaspace       used 3192K, capacity 4486K, committed 4864K, reserved 1056768K
  class space    used 360K, capacity 386K, committed 512K, reserved 1048576K
}
Event: 7.306 GC heap before
{Heap before GC invocations=13 (full 5):
 PSYoungGen      total 205824K, used 73190K [0x00000000d6e00000, 0x00000000f1480000, 0x0000000100000000)
  eden space 132608K, 0% used [0x00000000d6e00000,0x00000000d6e00000,0x00000000def80000)
  from space 73216K, 99% used [0x00000000e6800000,0x00000000eaf79b70,0x00000000eaf80000)
  to   space 123392K, 0% used [0x00000000def80000,0x00000000def80000,0x00000000e6800000)
 ParOldGen       total 430080K, used 384429K [0x0000000084a00000, 0x000000009ee00000, 0x00000000d6e00000)
  object space 430080K, 89% used [0x0000000084a00000,0x000000009c16b4c8,0x000000009ee00000)
 Metaspace       used 3192K, capacity 4486K, committed 4864K, reserved 1056768K
  class space    used 360K, capacity 386K, committed 512K, reserved 1048576K

Deoptimization events (0 events):
No events

Internal exceptions (6 events):
Event: 0.104 Thread 0x00007fee28009800 Exception <a 'java/lang/NoSuchMethodError': Method sun.misc.Unsafe.defineClass(Ljava/lang/String;[BII)Ljava/lang/Class; name or signature does not match> (0x00000000d6e07ca8) thrown at [/HUDSON3/workspace/8-2-build-linux-amd64/jdk8u144/9417/hotspot/src/sh
Event: 0.104 Thread 0x00007fee28009800 Exception <a 'java/lang/NoSuchMethodError': Method sun.misc.Unsafe.prefetchRead(Ljava/lang/Object;J)V name or signature does not match> (0x00000000d6e07f90) thrown at [/HUDSON3/workspace/8-2-build-linux-amd64/jdk8u144/9417/hotspot/src/share/vm/prims/jni.c
Event: 0.420 Thread 0x00007fee28009800 Exception <a 'java/security/PrivilegedActionException'> (0x00000000d6e81b48) thrown at [/HUDSON3/workspace/8-2-build-linux-amd64/jdk8u144/9417/hotspot/src/share/vm/prims/jvm.cpp, line 1390]
Event: 0.420 Thread 0x00007fee28009800 Exception <a 'java/security/PrivilegedActionException'> (0x00000000d6e81f40) thrown at [/HUDSON3/workspace/8-2-build-linux-amd64/jdk8u144/9417/hotspot/src/share/vm/prims/jvm.cpp, line 1390]
Event: 0.421 Thread 0x00007fee28009800 Exception <a 'java/security/PrivilegedActionException'> (0x00000000d6e84590) thrown at [/HUDSON3/workspace/8-2-build-linux-amd64/jdk8u144/9417/hotspot/src/share/vm/prims/jvm.cpp, line 1390]
Event: 0.421 Thread 0x00007fee28009800 Exception <a 'java/security/PrivilegedActionException'> (0x00000000d6e84988) thrown at [/HUDSON3/workspace/8-2-build-linux-amd64/jdk8u144/9417/hotspot/src/share/vm/prims/jvm.cpp, line 1390]

Events (10 events):
Event: 6.568 Executing VM operation: ParallelGCFailedAllocation done
Event: 6.572 Executing VM operation: ParallelGCFailedAllocation
Event: 6.657 Executing VM operation: ParallelGCFailedAllocation done
Event: 6.669 Executing VM operation: ParallelGCFailedAllocation
Event: 6.810 Executing VM operation: ParallelGCFailedAllocation done
Event: 6.817 Executing VM operation: ParallelGCFailedAllocation
Event: 6.887 Executing VM operation: ParallelGCFailedAllocation done
Event: 6.925 Executing VM operation: ParallelGCFailedAllocation
Event: 7.141 Executing VM operation: ParallelGCFailedAllocation done
Event: 7.152 Executing VM operation: ParallelGCFailedAllocation


Dynamic libraries:
00400000-00401000 r-xp 00000000 103:06 2759671                           /usr/lib/jvm/java-8-oracle/bin/java
00600000-00601000 rw-p 00000000 103:06 2759671                           /usr/lib/jvm/java-8-oracle/bin/java
0130f000-01330000 rw-p 00000000 00:00 0                                  [heap]
84a00000-9ee00000 rw-p 00000000 00:00 0 
a8f00000-d6e00000 ---p 00000000 00:00 0 
d6e00000-f1480000 rw-p 00000000 00:00 0 
f1480000-100000000 ---p 00000000 00:00 0 
100000000-100080000 rw-p 00000000 00:00 0 
100080000-140000000 ---p 00000000 00:00 0 
7feddc000000-7feddc021000 rw-p 00000000 00:00 0 
7feddc021000-7fede0000000 ---p 00000000 00:00 0 
7fede0000000-7fede0021000 rw-p 00000000 00:00 0 
7fede0021000-7fede4000000 ---p 00000000 00:00 0 
7fede4000000-7fede4077000 rw-p 00000000 00:00 0 
7fede4077000-7fede8000000 ---p 00000000 00:00 0 
7fede8000000-7fede802f000 rw-p 00000000 00:00 0 
7fede802f000-7fedec000000 ---p 00000000 00:00 0 
7fedec000000-7fedec021000 rw-p 00000000 00:00 0 
7fedec021000-7fedf0000000 ---p 00000000 00:00 0 
7fedf0000000-7fedf00a3000 rw-p 00000000 00:00 0 
7fedf00a3000-7fedf4000000 ---p 00000000 00:00 0 
7fedf4000000-7fedf4021000 rw-p 00000000 00:00 0 
7fedf4021000-7fedf8000000 ---p 00000000 00:00 0 
7fedf8000000-7fedf8021000 rw-p 00000000 00:00 0 
7fedf8021000-7fedfc000000 ---p 00000000 00:00 0 
7fedfc000000-7fedfc021000 rw-p 00000000 00:00 0 
7fedfc021000-7fee00000000 ---p 00000000 00:00 0 
7fee00000000-7fee00021000 rw-p 00000000 00:00 0 
7fee00021000-7fee04000000 ---p 00000000 00:00 0 
7fee06428000-7fee066af000 rw-p 00000000 00:00 0 
7fee066af000-7fee066b0000 ---p 00000000 00:00 0 
7fee066b0000-7fee067b0000 rw-p 00000000 00:00 0 
7fee067b0000-7fee067b3000 ---p 00000000 00:00 0 
7fee067b3000-7fee068b1000 rw-p 00000000 00:00 0 
7fee068b1000-7fee068b4000 ---p 00000000 00:00 0 
7fee068b4000-7fee069b2000 rw-p 00000000 00:00 0 
7fee069b2000-7fee069b5000 ---p 00000000 00:00 0 
7fee069b5000-7fee06ab3000 rw-p 00000000 00:00 0 
7fee06ab3000-7fee06ab6000 ---p 00000000 00:00 0 
7fee06ab6000-7fee06bb4000 rw-p 00000000 00:00 0 
7fee06bb4000-7fee06bb7000 ---p 00000000 00:00 0 
7fee06bb7000-7fee06cb5000 rw-p 00000000 00:00 0 
7fee06cb5000-7fee06f8d000 r--p 00000000 103:06 2796955                   /usr/lib/locale/locale-archive
7fee06f8d000-7fee06f90000 ---p 00000000 00:00 0 
7fee06f90000-7fee0708e000 rw-p 00000000 00:00 0 
7fee0708e000-7fee07091000 ---p 00000000 00:00 0 
7fee07091000-7fee0718f000 rw-p 00000000 00:00 0 
7fee0718f000-7fee07190000 ---p 00000000 00:00 0 
7fee07190000-7fee08000000 rw-p 00000000 00:00 0 
7fee08000000-7fee08021000 rw-p 00000000 00:00 0 
7fee08021000-7fee0c000000 ---p 00000000 00:00 0 
7fee0c000000-7fee0c021000 rw-p 00000000 00:00 0 
7fee0c021000-7fee10000000 ---p 00000000 00:00 0 
7fee10000000-7fee10021000 rw-p 00000000 00:00 0 
7fee10021000-7fee14000000 ---p 00000000 00:00 0 
7fee14000000-7fee14223000 rw-p 00000000 00:00 0 
7fee14223000-7fee143fd000 r--s 03d4d000 103:06 2759749                   /usr/lib/jvm/java-8-oracle/jre/lib/rt.jar
7fee143fd000-7fee148b3000 rw-p 00000000 00:00 0 
7fee148b3000-7fee14c73000 ---p 00000000 00:00 0 
7fee14c73000-7fee18dfe000 rw-p 00000000 00:00 0 
7fee18dfe000-7fee18dff000 ---p 00000000 00:00 0 
7fee18dff000-7fee18eff000 rw-p 00000000 00:00 0 
7fee18eff000-7fee18f00000 ---p 00000000 00:00 0 
7fee18f00000-7fee19000000 rw-p 00000000 00:00 0 
7fee19000000-7fee19270000 rwxp 00000000 00:00 0 
7fee19270000-7fee28000000 ---p 00000000 00:00 0 
7fee28000000-7fee28145000 rw-p 00000000 00:00 0 
7fee28145000-7fee2c000000 ---p 00000000 00:00 0 
7fee2c013000-7fee2c062000 rw-p 00000000 00:00 0 
7fee2c062000-7fee2c063000 ---p 00000000 00:00 0 
7fee2c063000-7fee2c163000 rw-p 00000000 00:00 0 
7fee2c163000-7fee2c164000 ---p 00000000 00:00 0 
7fee2c164000-7fee2c336000 rw-p 00000000 00:00 0 
7fee2c336000-7fee2c4f6000 ---p 00000000 00:00 0 
7fee2c4f6000-7fee2c5c8000 rw-p 00000000 00:00 0 
7fee2c5c8000-7fee2c788000 ---p 00000000 00:00 0 
7fee2c788000-7fee2c85c000 rw-p 00000000 00:00 0 
7fee2c85c000-7fee2c8d1000 ---p 00000000 00:00 0 
7fee2c8d1000-7fee2c8dc000 rw-p 00000000 00:00 0 
7fee2c8dc000-7fee2cc92000 ---p 00000000 00:00 0 
7fee2cc92000-7fee2ccac000 r-xp 00000000 103:06 2759784                   /usr/lib/jvm/java-8-oracle/jre/lib/amd64/libzip.so
7fee2ccac000-7fee2ceac000 ---p 0001a000 103:06 2759784                   /usr/lib/jvm/java-8-oracle/jre/lib/amd64/libzip.so
7fee2ceac000-7fee2cead000 rw-p 0001a000 103:06 2759784                   /usr/lib/jvm/java-8-oracle/jre/lib/amd64/libzip.so
7fee2cead000-7fee2ceb8000 r-xp 00000000 103:06 2116522                   /lib/x86_64-linux-gnu/libnss_files-2.23.so
7fee2ceb8000-7fee2d0b7000 ---p 0000b000 103:06 2116522                   /lib/x86_64-linux-gnu/libnss_files-2.23.so
7fee2d0b7000-7fee2d0b8000 r--p 0000a000 103:06 2116522                   /lib/x86_64-linux-gnu/libnss_files-2.23.so
7fee2d0b8000-7fee2d0b9000 rw-p 0000b000 103:06 2116522                   /lib/x86_64-linux-gnu/libnss_files-2.23.so
7fee2d0b9000-7fee2d0bf000 rw-p 00000000 00:00 0 
7fee2d0bf000-7fee2d0ca000 r-xp 00000000 103:06 2116528                   /lib/x86_64-linux-gnu/libnss_nis-2.23.so
7fee2d0ca000-7fee2d2c9000 ---p 0000b000 103:06 2116528                   /lib/x86_64-linux-gnu/libnss_nis-2.23.so
7fee2d2c9000-7fee2d2ca000 r--p 0000a000 103:06 2116528                   /lib/x86_64-linux-gnu/libnss_nis-2.23.so
7fee2d2ca000-7fee2d2cb000 rw-p 0000b000 103:06 2116528                   /lib/x86_64-linux-gnu/libnss_nis-2.23.so
7fee2d2cb000-7fee2d2e1000 r-xp 00000000 103:06 2116471                   /lib/x86_64-linux-gnu/libnsl-2.23.so
7fee2d2e1000-7fee2d4e0000 ---p 00016000 103:06 2116471                   /lib/x86_64-linux-gnu/libnsl-2.23.so
7fee2d4e0000-7fee2d4e1000 r--p 00015000 103:06 2116471                   /lib/x86_64-linux-gnu/libnsl-2.23.so
7fee2d4e1000-7fee2d4e2000 rw-p 00016000 103:06 2116471                   /lib/x86_64-linux-gnu/libnsl-2.23.so
7fee2d4e2000-7fee2d4e4000 rw-p 00000000 00:00 0 
7fee2d4e4000-7fee2d4ec000 r-xp 00000000 103:06 2116535                   /lib/x86_64-linux-gnu/libnss_compat-2.23.so
7fee2d4ec000-7fee2d6eb000 ---p 00008000 103:06 2116535                   /lib/x86_64-linux-gnu/libnss_compat-2.23.so
7fee2d6eb000-7fee2d6ec000 r--p 00007000 103:06 2116535                   /lib/x86_64-linux-gnu/libnss_compat-2.23.so
7fee2d6ec000-7fee2d6ed000 rw-p 00008000 103:06 2116535                   /lib/x86_64-linux-gnu/libnss_compat-2.23.so
7fee2d6ed000-7fee2d718000 r-xp 00000000 103:06 2759813                   /usr/lib/jvm/java-8-oracle/jre/lib/amd64/libjava.so
7fee2d718000-7fee2d917000 ---p 0002b000 103:06 2759813                   /usr/lib/jvm/java-8-oracle/jre/lib/amd64/libjava.so
7fee2d917000-7fee2d919000 rw-p 0002a000 103:06 2759813                   /usr/lib/jvm/java-8-oracle/jre/lib/amd64/libjava.so
7fee2d919000-7fee2d926000 r-xp 00000000 103:06 2759758                   /usr/lib/jvm/java-8-oracle/jre/lib/amd64/libverify.so
7fee2d926000-7fee2db26000 ---p 0000d000 103:06 2759758                   /usr/lib/jvm/java-8-oracle/jre/lib/amd64/libverify.so
7fee2db26000-7fee2db28000 rw-p 0000d000 103:06 2759758                   /usr/lib/jvm/java-8-oracle/jre/lib/amd64/libverify.so
7fee2db28000-7fee2db2f000 r-xp 00000000 103:06 2116531                   /lib/x86_64-linux-gnu/librt-2.23.so
7fee2db2f000-7fee2dd2e000 ---p 00007000 103:06 2116531                   /lib/x86_64-linux-gnu/librt-2.23.so
7fee2dd2e000-7fee2dd2f000 r--p 00006000 103:06 2116531                   /lib/x86_64-linux-gnu/librt-2.23.so
7fee2dd2f000-7fee2dd30000 rw-p 00007000 103:06 2116531                   /lib/x86_64-linux-gnu/librt-2.23.so
7fee2dd30000-7fee2de38000 r-xp 00000000 103:06 2116545                   /lib/x86_64-linux-gnu/libm-2.23.so
7fee2de38000-7fee2e037000 ---p 00108000 103:06 2116545                   /lib/x86_64-linux-gnu/libm-2.23.so
7fee2e037000-7fee2e038000 r--p 00107000 103:06 2116545                   /lib/x86_64-linux-gnu/libm-2.23.so
7fee2e038000-7fee2e039000 rw-p 00108000 103:06 2116545                   /lib/x86_64-linux-gnu/libm-2.23.so
7fee2e039000-7fee2ed0c000 r-xp 00000000 103:06 2759825                   /usr/lib/jvm/java-8-oracle/jre/lib/amd64/server/libjvm.so
7fee2ed0c000-7fee2ef0b000 ---p 00cd3000 103:06 2759825                   /usr/lib/jvm/java-8-oracle/jre/lib/amd64/server/libjvm.so
7fee2ef0b000-7fee2efe5000 rw-p 00cd2000 103:06 2759825                   /usr/lib/jvm/java-8-oracle/jre/lib/amd64/server/libjvm.so
7fee2efe5000-7fee2f030000 rw-p 00000000 00:00 0 
7fee2f030000-7fee2f1f0000 r-xp 00000000 103:06 2116555                   /lib/x86_64-linux-gnu/libc-2.23.so
7fee2f1f0000-7fee2f3f0000 ---p 001c0000 103:06 2116555                   /lib/x86_64-linux-gnu/libc-2.23.so
7fee2f3f0000-7fee2f3f4000 r--p 001c0000 103:06 2116555                   /lib/x86_64-linux-gnu/libc-2.23.so
7fee2f3f4000-7fee2f3f6000 rw-p 001c4000 103:06 2116555                   /lib/x86_64-linux-gnu/libc-2.23.so
7fee2f3f6000-7fee2f3fa000 rw-p 00000000 00:00 0 
7fee2f3fa000-7fee2f3fd000 r-xp 00000000 103:06 2116534                   /lib/x86_64-linux-gnu/libdl-2.23.so
7fee2f3fd000-7fee2f5fc000 ---p 00003000 103:06 2116534                   /lib/x86_64-linux-gnu/libdl-2.23.so
7fee2f5fc000-7fee2f5fd000 r--p 00002000 103:06 2116534                   /lib/x86_64-linux-gnu/libdl-2.23.so
7fee2f5fd000-7fee2f5fe000 rw-p 00003000 103:06 2116534                   /lib/x86_64-linux-gnu/libdl-2.23.so
7fee2f5fe000-7fee2f613000 r-xp 00000000 103:06 2758659                   /usr/lib/jvm/java-8-oracle/lib/amd64/jli/libjli.so
7fee2f613000-7fee2f813000 ---p 00015000 103:06 2758659                   /usr/lib/jvm/java-8-oracle/lib/amd64/jli/libjli.so
7fee2f813000-7fee2f814000 rw-p 00015000 103:06 2758659                   /usr/lib/jvm/java-8-oracle/lib/amd64/jli/libjli.so
7fee2f814000-7fee2f82c000 r-xp 00000000 103:06 2116527                   /lib/x86_64-linux-gnu/libpthread-2.23.so
7fee2f82c000-7fee2fa2b000 ---p 00018000 103:06 2116527                   /lib/x86_64-linux-gnu/libpthread-2.23.so
7fee2fa2b000-7fee2fa2c000 r--p 00017000 103:06 2116527                   /lib/x86_64-linux-gnu/libpthread-2.23.so
7fee2fa2c000-7fee2fa2d000 rw-p 00018000 103:06 2116527                   /lib/x86_64-linux-gnu/libpthread-2.23.so
7fee2fa2d000-7fee2fa31000 rw-p 00000000 00:00 0 
7fee2fa31000-7fee2fa57000 r-xp 00000000 103:06 2116472                   /lib/x86_64-linux-gnu/ld-2.23.so
7fee2fa69000-7fee2fb34000 rw-p 00000000 00:00 0 
7fee2fb34000-7fee2fb37000 ---p 00000000 00:00 0 
7fee2fb37000-7fee2fc39000 rw-p 00000000 00:00 0 
7fee2fc4a000-7fee2fc52000 rw-s 00000000 103:06 2500818                   /tmp/hsperfdata_anisha/4146
7fee2fc52000-7fee2fc53000 rw-p 00000000 00:00 0 
7fee2fc53000-7fee2fc54000 ---p 00000000 00:00 0 
7fee2fc54000-7fee2fc56000 rw-p 00000000 00:00 0 
7fee2fc56000-7fee2fc57000 r--p 00025000 103:06 2116472                   /lib/x86_64-linux-gnu/ld-2.23.so
7fee2fc57000-7fee2fc58000 rw-p 00026000 103:06 2116472                   /lib/x86_64-linux-gnu/ld-2.23.so
7fee2fc58000-7fee2fc59000 rw-p 00000000 00:00 0 
7ffdd8f8d000-7ffdd8fae000 rw-p 00000000 00:00 0                          [stack]
7ffdd8fb1000-7ffdd8fb3000 r--p 00000000 00:00 0                          [vvar]
7ffdd8fb3000-7ffdd8fb5000 r-xp 00000000 00:00 0                          [vdso]
ffffffffff600000-ffffffffff601000 r-xp 00000000 00:00 0                  [vsyscall]

VM Arguments:
jvm_args: -Dfile.encoding=UTF-8 
java_command: cci9.Q5
java_class_path (initial): /home/anisha/NetBeansProjects/cci_8/build/classes
Launcher Type: SUN_STANDARD

Environment Variables:
JAVA_HOME=/usr/lib/jvm/java-8-oracle
PATH=/home/anisha/bin:/home/anisha/.local/bin:/usr/local/sbin:/usr/local/bin:/usr/sbin:/usr/bin:/sbin:/bin:/usr/games:/usr/local/games:/snap/bin:/usr/lib/jvm/java-8-oracle/bin:/usr/lib/jvm/java-8-oracle/db/bin:/usr/lib/jvm/java-8-oracle/jre/bin
SHELL=/bin/bash
DISPLAY=:0

Signal Handlers:
SIGSEGV: [libjvm.so+0xacba10], sa_mask[0]=11111111011111111101111111111110, sa_flags=SA_RESTART|SA_SIGINFO
SIGBUS: [libjvm.so+0xacba10], sa_mask[0]=11111111011111111101111111111110, sa_flags=SA_RESTART|SA_SIGINFO
SIGFPE: [libjvm.so+0x924ba0], sa_mask[0]=11111111011111111101111111111110, sa_flags=SA_RESTART|SA_SIGINFO
SIGPIPE: [libjvm.so+0x924ba0], sa_mask[0]=11111111011111111101111111111110, sa_flags=SA_RESTART|SA_SIGINFO
SIGXFSZ: [libjvm.so+0x924ba0], sa_mask[0]=11111111011111111101111111111110, sa_flags=SA_RESTART|SA_SIGINFO
SIGILL: [libjvm.so+0x924ba0], sa_mask[0]=11111111011111111101111111111110, sa_flags=SA_RESTART|SA_SIGINFO
SIGUSR1: SIG_DFL, sa_mask[0]=00000000000000000000000000000000, sa_flags=none
SIGUSR2: [libjvm.so+0x9263e0], sa_mask[0]=00100000000000000000000000000000, sa_flags=SA_RESTART|SA_SIGINFO
SIGHUP: [libjvm.so+0x9277e0], sa_mask[0]=11111111011111111101111111111110, sa_flags=SA_RESTART|SA_SIGINFO
SIGINT: [libjvm.so+0x9277e0], sa_mask[0]=11111111011111111101111111111110, sa_flags=SA_RESTART|SA_SIGINFO
SIGTERM: [libjvm.so+0x9277e0], sa_mask[0]=11111111011111111101111111111110, sa_flags=SA_RESTART|SA_SIGINFO
SIGQUIT: [libjvm.so+0x9277e0], sa_mask[0]=11111111011111111101111111111110, sa_flags=SA_RESTART|SA_SIGINFO


---------------  S Y S T E M  ---------------

OS:DISTRIB_ID=Ubuntu
DISTRIB_RELEASE=16.04
DISTRIB_CODENAME=xenial
DISTRIB_DESCRIPTION="Ubuntu 16.04.3 LTS"

uname:Linux 4.4.0-93-generic #116-Ubuntu SMP Fri Aug 11 21:17:51 UTC 2017 x86_64
libc:glibc 2.23 NPTL 2.23 
rlimit: STACK 8192k, CORE 0k, NPROC 31161, NOFILE 1048576, AS infinity
load average:2.37 1.04 0.82

/proc/meminfo:
MemTotal:        8078392 kB
MemFree:          138364 kB
MemAvailable:      65068 kB
Buffers:            6300 kB
Cached:          1465280 kB
SwapCached:         5080 kB
Active:          6186652 kB
Inactive:        1470508 kB
Active(anon):    6149576 kB
Inactive(anon):  1433700 kB
Active(file):      37076 kB
Inactive(file):    36808 kB
Unevictable:         136 kB
Mlocked:             136 kB
SwapTotal:         12284 kB
SwapFree:              0 kB
Dirty:               764 kB
Writeback:             0 kB
AnonPages:       6180256 kB
Mapped:           789728 kB
Shmem:           1397668 kB
Slab:             109992 kB
SReclaimable:      59976 kB
SUnreclaim:        50016 kB
KernelStack:       12256 kB
PageTables:        74200 kB
NFS_Unstable:          0 kB
Bounce:                0 kB
WritebackTmp:          0 kB
CommitLimit:     4051480 kB
Committed_AS:   14482396 kB
VmallocTotal:   34359738367 kB
VmallocUsed:           0 kB
VmallocChunk:          0 kB
HardwareCorrupted:     0 kB
AnonHugePages:   1425408 kB
CmaTotal:              0 kB
CmaFree:               0 kB
HugePages_Total:       0
HugePages_Free:        0
HugePages_Rsvd:        0
HugePages_Surp:        0
Hugepagesize:       2048 kB
DirectMap4k:      166288 kB
DirectMap2M:     7077888 kB
DirectMap1G:     1048576 kB


CPU:total 4 (initial active 4) (2 cores per cpu, 2 threads per core) family 6 model 78 stepping 3, cmov, cx8, fxsr, mmx, sse, sse2, sse3, ssse3, sse4.1, sse4.2, popcnt, avx, avx2, aes, clmul, erms, 3dnowpref, lzcnt, ht, tsc, tscinvbit, bmi1, bmi2, adx

/proc/cpuinfo:
processor	: 0
vendor_id	: GenuineIntel
cpu family	: 6
model		: 78
model name	: Intel(R) Core(TM) i7-6560U CPU @ 2.20GHz
stepping	: 3
microcode	: 0x8a
cpu MHz		: 2578.039
cache size	: 4096 KB
physical id	: 0
siblings	: 4
core id		: 0
cpu cores	: 2
apicid		: 0
initial apicid	: 0
fpu		: yes
fpu_exception	: yes
cpuid level	: 22
wp		: yes
flags		: fpu vme de pse tsc msr pae mce cx8 apic sep mtrr pge mca cmov pat pse36 clflush dts acpi mmx fxsr sse sse2 ss ht tm pbe syscall nx pdpe1gb rdtscp lm constant_tsc art arch_perfmon pebs bts rep_good nopl xtopology nonstop_tsc aperfmperf eagerfpu pni pclmulqdq dtes64 monitor ds_cpl vmx est tm2 ssse3 sdbg fma cx16 xtpr pdcm pcid sse4_1 sse4_2 x2apic movbe popcnt tsc_deadline_timer aes xsave avx f16c rdrand lahf_lm abm 3dnowprefetch epb intel_pt tpr_shadow vnmi flexpriority ept vpid fsgsbase tsc_adjust bmi1 avx2 smep bmi2 erms invpcid mpx rdseed adx smap clflushopt xsaveopt xsavec xgetbv1 dtherm ida arat pln pts hwp hwp_notify hwp_act_window hwp_epp
bugs		:
bogomips	: 4415.88
clflush size	: 64
cache_alignment	: 64
address sizes	: 39 bits physical, 48 bits virtual
power management:

processor	: 1
vendor_id	: GenuineIntel
cpu family	: 6
model		: 78
model name	: Intel(R) Core(TM) i7-6560U CPU @ 2.20GHz
stepping	: 3
microcode	: 0x8a
cpu MHz		: 2580.875
cache size	: 4096 KB
physical id	: 0
siblings	: 4
core id		: 1
cpu cores	: 2
apicid		: 2
initial apicid	: 2
fpu		: yes
fpu_exception	: yes
cpuid level	: 22
wp		: yes
flags		: fpu vme de pse tsc msr pae mce cx8 apic sep mtrr pge mca cmov pat pse36 clflush dts acpi mmx fxsr sse sse2 ss ht tm pbe syscall nx pdpe1gb rdtscp lm constant_tsc art arch_perfmon pebs bts rep_good nopl xtopology nonstop_tsc aperfmperf eagerfpu pni pclmulqdq dtes64 monitor ds_cpl vmx est tm2 ssse3 sdbg fma cx16 xtpr pdcm pcid sse4_1 sse4_2 x2apic movbe popcnt tsc_deadline_timer aes xsave avx f16c rdrand lahf_lm abm 3dnowprefetch epb intel_pt tpr_shadow vnmi flexpriority ept vpid fsgsbase tsc_adjust bmi1 avx2 smep bmi2 erms invpcid mpx rdseed adx smap clflushopt xsaveopt xsavec xgetbv1 dtherm ida arat pln pts hwp hwp_notify hwp_act_window hwp_epp
bugs		:
bogomips	: 4415.88
clflush size	: 64
cache_alignment	: 64
address sizes	: 39 bits physical, 48 bits virtual
power management:

processor	: 2
vendor_id	: GenuineIntel
cpu family	: 6
model		: 78
model name	: Intel(R) Core(TM) i7-6560U CPU @ 2.20GHz
stepping	: 3
microcode	: 0x8a
cpu MHz		: 2537.476
cache size	: 4096 KB
physical id	: 0
siblings	: 4
core id		: 0
cpu cores	: 2
apicid		: 1
initial apicid	: 1
fpu		: yes
fpu_exception	: yes
cpuid level	: 22
wp		: yes
flags		: fpu vme de pse tsc msr pae mce cx8 apic sep mtrr pge mca cmov pat pse36 clflush dts acpi mmx fxsr sse sse2 ss ht tm pbe syscall nx pdpe1gb rdtscp lm constant_tsc art arch_perfmon pebs bts rep_good nopl xtopology nonstop_tsc aperfmperf eagerfpu pni pclmulqdq dtes64 monitor ds_cpl vmx est tm2 ssse3 sdbg fma cx16 xtpr pdcm pcid sse4_1 sse4_2 x2apic movbe popcnt tsc_deadline_timer aes xsave avx f16c rdrand lahf_lm abm 3dnowprefetch epb intel_pt tpr_shadow vnmi flexpriority ept vpid fsgsbase tsc_adjust bmi1 avx2 smep bmi2 erms invpcid mpx rdseed adx smap clflushopt xsaveopt xsavec xgetbv1 dtherm ida arat pln pts hwp hwp_notify hwp_act_window hwp_epp
bugs		:
bogomips	: 4415.88
clflush size	: 64
cache_alignment	: 64
address sizes	: 39 bits physical, 48 bits virtual
power management:

processor	: 3
vendor_id	: GenuineIntel
cpu family	: 6
model		: 78
model name	: Intel(R) Core(TM) i7-6560U CPU @ 2.20GHz
stepping	: 3
microcode	: 0x8a
cpu MHz		: 2599.179
cache size	: 4096 KB
physical id	: 0
siblings	: 4
core id		: 1
cpu cores	: 2
apicid		: 3
initial apicid	: 3
fpu		: yes
fpu_exception	: yes
cpuid level	: 22
wp		: yes
flags		: fpu vme de pse tsc msr pae mce cx8 apic sep mtrr pge mca cmov pat pse36 clflush dts acpi mmx fxsr sse sse2 ss ht tm pbe syscall nx pdpe1gb rdtscp lm constant_tsc art arch_perfmon pebs bts rep_good nopl xtopology nonstop_tsc aperfmperf eagerfpu pni pclmulqdq dtes64 monitor ds_cpl vmx est tm2 ssse3 sdbg fma cx16 xtpr pdcm pcid sse4_1 sse4_2 x2apic movbe popcnt tsc_deadline_timer aes xsave avx f16c rdrand lahf_lm abm 3dnowprefetch epb intel_pt tpr_shadow vnmi flexpriority ept vpid fsgsbase tsc_adjust bmi1 avx2 smep bmi2 erms invpcid mpx rdseed adx smap clflushopt xsaveopt xsavec xgetbv1 dtherm ida arat pln pts hwp hwp_notify hwp_act_window hwp_epp
bugs		:
bogomips	: 4415.88
clflush size	: 64
cache_alignment	: 64
address sizes	: 39 bits physical, 48 bits virtual
power management:



Memory: 4k page, physical 8078392k(138364k free), swap 12284k(0k free)

vm_info: Java HotSpot(TM) 64-Bit Server VM (25.144-b01) for linux-amd64 JRE (1.8.0_144-b01), built on Jul 21 2017 21:57:33 by "java_re" with gcc 4.3.0 20080428 (Red Hat 4.3.0-8)

time: Sun Sep  3 19:39:07 2017
elapsed time: 7 seconds (0d 0h 0m 7s)

